<?xml version="1.0" encoding="UTF-8"?>
<!-- Generated by org.testng.reporters.JUnitXMLReporter -->
<testsuite hostname="LAPTOP-OB6TME0K" tests="5" failures="0" timestamp="18 Oct 2016 13:20:32 GMT" time="0.177" errors="0">
  <testcase name="testAdd on testAdd(CalculatorTest)" time="0.01" classname="CalculatorTest"/>
  <testcase name="testSub on testSub(CalculatorTest)" time="0.0" classname="CalculatorTest"/>
  <testcase name="testDivi0 on testDivi0(CalculatorTest)" time="0.002" classname="CalculatorTest"/>
  <testcase name="testMulti on testMulti(CalculatorTest)" time="0.003" classname="CalculatorTest"/>
  <testcase name="testDivi on testDivi(CalculatorTest)" time="0.001" classname="CalculatorTest"/>
</testsuite>
